<?xml version="1.0" encoding="UTF-8"?>
<!-- Generated by org.testng.reporters.JUnitXMLReporter -->
<testsuite ignored="0" hostname="Souviks-MacBook-Air.local" failures="0" tests="4" name="Test" time="13.865" errors="0" timestamp="2023-06-26T14:22:50 IST">
  <testcase classname="Test_Classes.Post_TC1" name="extractor" time="6.131"/>
  <testcase classname="Test_Classes.Get_TC1" name="extractor" time="1.852"/>
  <testcase classname="Test_Classes.Put_TC1" name="extractor" time="3.177"/>
  <testcase classname="Test_Classes.Patch_TC1" name="extractor" time="2.555"/>
</testsuite> <!-- Test -->
