<?xml version="1.0" encoding="UTF-8"?>
<testng-results ignored="0" total="4" passed="4" failed="0" skipped="0">
  <reporter-output>
  </reporter-output>
  <suite started-at="2023-06-26T14:22:37 IST" name="Suite" finished-at="2023-06-26T14:22:50 IST" duration-ms="13865">
    <groups>
    </groups>
    <test started-at="2023-06-26T14:22:37 IST" name="Test" finished-at="2023-06-26T14:22:50 IST" duration-ms="13865">
      <class name="Test_Classes.Patch_TC1">
        <test-method signature="extractor()[pri:0, instance:Test_Classes.Patch_TC1@63611043]" started-at="2023-06-26T14:22:48 IST" name="extractor" finished-at="2023-06-26T14:22:50 IST" duration-ms="2555" status="PASS">
          <reporter-output>
          </reporter-output>
        </test-method> <!-- extractor -->
      </class> <!-- Test_Classes.Patch_TC1 -->
      <class name="Test_Classes.Post_TC1">
        <test-method signature="extractor()[pri:0, instance:Test_Classes.Post_TC1@59cba5a]" started-at="2023-06-26T14:22:37 IST" name="extractor" finished-at="2023-06-26T14:22:43 IST" duration-ms="6131" status="PASS">
          <reporter-output>
          </reporter-output>
        </test-method> <!-- extractor -->
      </class> <!-- Test_Classes.Post_TC1 -->
      <class name="Test_Classes.Put_TC1">
        <test-method signature="extractor()[pri:0, instance:Test_Classes.Put_TC1@45a37759]" started-at="2023-06-26T14:22:45 IST" name="extractor" finished-at="2023-06-26T14:22:48 IST" duration-ms="3177" status="PASS">
          <reporter-output>
          </reporter-output>
        </test-method> <!-- extractor -->
      </class> <!-- Test_Classes.Put_TC1 -->
      <class name="Test_Classes.Get_TC1">
        <test-method signature="extractor()[pri:0, instance:Test_Classes.Get_TC1@54eb2b70]" started-at="2023-06-26T14:22:43 IST" name="extractor" finished-at="2023-06-26T14:22:45 IST" duration-ms="1852" status="PASS">
          <reporter-output>
          </reporter-output>
        </test-method> <!-- extractor -->
      </class> <!-- Test_Classes.Get_TC1 -->
    </test> <!-- Test -->
  </suite> <!-- Suite -->
</testng-results>
